<?xml version="1.0" encoding="UTF-8"?>
<testng-results skipped="0" failed="0" ignored="0" total="1" passed="1">
  <reporter-output>
  </reporter-output>
  <suite name="Default suite" duration-ms="3929" started-at="2020-06-30T06:15:13Z" finished-at="2020-06-30T06:15:17Z">
    <groups>
    </groups>
    <test name="Default test" duration-ms="3929" started-at="2020-06-30T06:15:13Z" finished-at="2020-06-30T06:15:17Z">
      <class name="com.rest.jira.GetIssueDetails">
        <test-method status="PASS" signature="issueDetails()[pri:0, instance:com.rest.jira.GetIssueDetails@5702b3b1]" name="issueDetails" duration-ms="3876" started-at="2020-06-30T06:15:13Z" finished-at="2020-06-30T06:15:17Z">
          <reporter-output>
          </reporter-output>
        </test-method> <!-- issueDetails -->
      </class> <!-- com.rest.jira.GetIssueDetails -->
    </test> <!-- Default test -->
  </suite> <!-- Default suite -->
</testng-results>
